\BOOKMARK [1][-]{section.1}{Metrick\351 prostory}{}% 1
\BOOKMARK [2][-]{subsection.1.1}{Definice metrick\351ho prostoru}{section.1}% 2
\BOOKMARK [2][-]{subsection.1.2}{Euklidovsk\375 prostor En}{section.1}% 3
\BOOKMARK [2][-]{subsection.1.3}{Diskr\351tn\355 prostor}{section.1}% 4
\BOOKMARK [2][-]{subsection.1.4}{Podprostor}{section.1}% 5
\BOOKMARK [2][-]{subsection.1.5}{Spojit\351 zobrazen\355}{section.1}% 6
\BOOKMARK [2][-]{subsection.1.6}{Triviality}{section.1}% 7
\BOOKMARK [3][-]{subsubsection.1.6.1}{Identick\351 zobrazen\355}{subsection.1.6}% 8
\BOOKMARK [3][-]{subsubsection.1.6.2}{Vlo\236en\355 podprostoru}{subsection.1.6}% 9
\BOOKMARK [3][-]{subsubsection.1.6.3}{Slo\236en\355 spojit\375ch zobrazen\355 je spojit\351}{subsection.1.6}% 10
\BOOKMARK [2][-]{subsection.1.7}{Veta o konvergenci}{section.1}% 11
\BOOKMARK [2][-]{subsection.1.8}{Okol\355}{section.1}% 12
\BOOKMARK [2][-]{subsection.1.9}{Otevren\341 a uzavren\341 mno\236ina}{section.1}% 13
\BOOKMARK [2][-]{subsection.1.10}{Uz\341ver}{section.1}% 14
\BOOKMARK [2][-]{subsection.1.11}{Vlastnosti zobrazen\355 mezi metrick\375mi prostory}{section.1}% 15
\BOOKMARK [2][-]{subsection.1.12}{Silne ekvivalentn\355 metriky}{section.1}% 16
\BOOKMARK [2][-]{subsection.1.13}{Vzory a obrazy}{section.1}% 17
\BOOKMARK [3][-]{subsubsection.1.13.1}{Obraz}{subsection.1.13}% 18
\BOOKMARK [3][-]{subsubsection.1.13.2}{Vzor}{subsection.1.13}% 19
\BOOKMARK [2][-]{subsection.1.14}{Re\341ln\341 funkce o n promenn\375ch}{section.1}% 20
\BOOKMARK [2][-]{subsection.1.15}{Souciny}{section.1}% 21
\BOOKMARK [2][-]{subsection.1.16}{Veta o spojit\375ch zobrazen\355ch}{section.1}% 22
\BOOKMARK [1][-]{section.2}{Parci\341ln\355 derivace}{}% 23
\BOOKMARK [2][-]{subsection.2.1}{Definice a znacen\355}{section.2}% 24
\BOOKMARK [2][-]{subsection.2.2}{Tot\341ln\355 diferenci\341l}{section.2}% 25
\BOOKMARK [3][-]{subsubsection.2.2.1}{Definice}{subsection.2.2}% 26
\BOOKMARK [3][-]{subsubsection.2.2.2}{Tvrzen\355 o spojitosti funkce a tot\341ln\355m diferenci\341lu}{subsection.2.2}% 27
\BOOKMARK [3][-]{subsubsection.2.2.3}{Veta o tot\341ln\355m diferenci\341lu}{subsection.2.2}% 28
\BOOKMARK [2][-]{subsection.2.3}{Pravidla pro poc\355t\341n\355 parci\341ln\355ch derivac\355}{section.2}% 29
\BOOKMARK [3][-]{subsubsection.2.3.1}{Veta pro derivaci slo\236en\375ch funkc\355 o v\355ce promenn\375ch}{subsection.2.3}% 30
\BOOKMARK [3][-]{subsubsection.2.3.2}{Dusledek \(Ret\355zkov\351 Pravidlo\)}{subsection.2.3}% 31
\BOOKMARK [2][-]{subsection.2.4}{Aritmetick\341 pravidla z retezov\351ho n\341soben\355}{section.2}% 32
\BOOKMARK [3][-]{subsubsection.2.4.1}{N\341soben\355}{subsection.2.4}% 33
\BOOKMARK [3][-]{subsubsection.2.4.2}{Delen\355}{subsection.2.4}% 34
\BOOKMARK [2][-]{subsection.2.5}{Lagrangeova veta ve v\355ce promenn\375ch}{section.2}% 35
\BOOKMARK [2][-]{subsection.2.6}{Tvrzen\355 o z\341mennosti porad\355 pri parci\341ln\355ch derivac\355ch}{section.2}% 36
\BOOKMARK [3][-]{subsubsection.2.6.1}{Dusledek tvrzen\355 o z\341mennosti}{subsection.2.6}% 37
\BOOKMARK [2][-]{subsection.2.7}{Veta o konvergentn\355 podposloupnosti}{section.2}% 38
\BOOKMARK [1][-]{section.3}{Kompaktn\355 prostory}{}% 39
\BOOKMARK [2][-]{subsection.3.1}{Definice kompaktn\355ho prostoru}{section.3}% 40
\BOOKMARK [2][-]{subsection.3.2}{Tvrzen\355 o podprostoru kompaktn\355ho prostoru}{section.3}% 41
\BOOKMARK [2][-]{subsection.3.3}{Tvrzen\355 o uzavrenosti podprostoru}{section.3}% 42
\BOOKMARK [2][-]{subsection.3.4}{Tvrzen\355 o omezenosti kompaktn\355ho prostoru}{section.3}% 43
\BOOKMARK [2][-]{subsection.3.5}{Veta o soucinu kompaktn\355ch prostoru}{section.3}% 44
\BOOKMARK [2][-]{subsection.3.6}{Veta : podprostor euklidovsk\351ho prostoru je kompaktn\355 pr\341ve kdy\236 je omezen\375 a uzavren\375}{section.3}% 45
\BOOKMARK [2][-]{subsection.3.7}{Tvrzen\355: obraz spojit\351ho zobrazen\355 je kompaktn\355}{section.3}% 46
\BOOKMARK [2][-]{subsection.3.8}{Tvrzen\355: ka\236d\341 spojit\341 funkce na kompaktn\355m prostoru nab\375va maxima i minima}{section.3}% 47
\BOOKMARK [2][-]{subsection.3.9}{Veta o vz\341jemne jednoznacn\351m spojit\351m zobrazen\355}{section.3}% 48
\BOOKMARK [2][-]{subsection.3.10}{Definice cauchyovsk\351 posloupnosti \(xn\)n}{section.3}% 49
\BOOKMARK [2][-]{subsection.3.11}{Tvrzen\355 o konvergenci cauchyovsk\351 posloupnosti}{section.3}% 50
\BOOKMARK [2][-]{subsection.3.12}{Definice \372pln\351ho metrick\351ho prostoru}{section.3}% 51
\BOOKMARK [2][-]{subsection.3.13}{Tvrzen\355: Podprostor \372pln\351ho prostoru je \372pln\375 pr\341ve kdy\236 je uzavren\375}{section.3}% 52
\BOOKMARK [2][-]{subsection.3.14}{Tvrzen\355: Ka\236d\375 kompaktn\355 prostor je \372pln\375}{section.3}% 53
\BOOKMARK [2][-]{subsection.3.15}{Lemma o cauchyovsk\351 posloupnosti}{section.3}% 54
\BOOKMARK [2][-]{subsection.3.16}{Veta: Soucin \372pln\375ch prostoru je \372pln\375 }{section.3}% 55
\BOOKMARK [3][-]{subsubsection.3.16.1}{Dusledek}{subsection.3.16}% 56
\BOOKMARK [1][-]{section.4}{Implicitn\355 funkce}{}% 57
\BOOKMARK [2][-]{subsection.4.1}{Ilustracn\355 pr\355klady}{section.4}% 58
\BOOKMARK [3][-]{subsubsection.4.1.1}{Obecn\375 pr\355klad}{subsection.4.1}% 59
\BOOKMARK [3][-]{subsubsection.4.1.2}{Pr\355klad pro F\(x,y\) = x2 + y2 - 1}{subsection.4.1}% 60
\BOOKMARK [2][-]{subsection.4.2}{Veta o implicitn\355 funkci}{section.4}% 61
\BOOKMARK [2][-]{subsection.4.3}{Veta o implicitn\355ch funkc\355ch}{section.4}% 62
\BOOKMARK [2][-]{subsection.4.4}{Definice Jacobiho determinantu}{section.4}% 63
\BOOKMARK [1][-]{section.5}{Extr\351my}{}% 64
\BOOKMARK [2][-]{subsection.5.1}{Veta o hled\341n\355 extr\351mu funkc\355}{section.5}% 65
\BOOKMARK [2][-]{subsection.5.2}{Definice Regul\341rn\355ho zobrazen\355}{section.5}% 66
\BOOKMARK [2][-]{subsection.5.3}{Tvrzen\355 o obrazu regul\341rn\355 funkce}{section.5}% 67
\BOOKMARK [2][-]{subsection.5.4}{Tvrzen\355 o inverzi regul\341rn\355ho zobrazen\355}{section.5}% 68
\BOOKMARK [3][-]{subsubsection.5.4.1}{Dusledek tvrzen\355 o inverzi regul\341rn\355ho zobrazen\355}{subsection.5.4}% 69
\BOOKMARK [1][-]{section.6}{Objemy a obsahy}{}% 70
\BOOKMARK [2][-]{subsection.6.1}{Vlastnosti}{section.6}% 71
\BOOKMARK [1][-]{section.7}{Stejnomern\341 spojitost}{}% 72
\BOOKMARK [2][-]{subsection.7.1}{Definice stejnomern\351 spojitosti}{section.7}% 73
\BOOKMARK [2][-]{subsection.7.2}{Veta o stejnomern\351 spojitosti}{section.7}% 74
\BOOKMARK [1][-]{section.8}{Opakov\341n\355}{}% 75
\BOOKMARK [2][-]{subsection.8.1}{Riemannuv integr\341l v jedn\351 promenn\351}{section.8}% 76
\BOOKMARK [3][-]{subsubsection.8.1.1}{Riemannuv integr\341l}{subsection.8.1}% 77
\BOOKMARK [3][-]{subsubsection.8.1.2}{Tvrzen\355 o existenci Riemannova integr\341lu}{subsection.8.1}% 78
\BOOKMARK [3][-]{subsubsection.8.1.3}{Veta: Existence Riemannova integr\341lu pro spojit\351 funkce v R}{subsection.8.1}% 79
\BOOKMARK [3][-]{subsubsection.8.1.4}{Integr\341ln\355 veta o stredn\355 hodnote}{subsection.8.1}% 80
\BOOKMARK [3][-]{subsubsection.8.1.5}{Z\341kladn\355 veta anal\375zy}{subsection.8.1}% 81
\BOOKMARK [3][-]{subsubsection.8.1.6}{Dusledky z\341kladn\355 vety anal\375zy}{subsection.8.1}% 82
\BOOKMARK [1][-]{section.9}{Riemannuv integr\341l ve v\355ce promenn\375ch}{}% 83
\BOOKMARK [2][-]{subsection.9.1}{Pomocn\351 definice}{section.9}% 84
\BOOKMARK [2][-]{subsection.9.2}{Tvrzen\355 o existenci Riemannova integr\341lu}{section.9}% 85
\BOOKMARK [2][-]{subsection.9.3}{Veta: Ka\236d\341 spojit\341 funkce na n-rozmernem kompaktn\355m intervalu m\341 Riemannuv integr\341l}{section.9}% 86
\BOOKMARK [2][-]{subsection.9.4}{Fubiniova veta}{section.9}% 87
\BOOKMARK [2][-]{subsection.9.5}{Lebesgueuv integr\341l}{section.9}% 88
\BOOKMARK [2][-]{subsection.9.6}{Tietzeova veta}{section.9}% 89
